0000-0000 : PCI Bus 0000:00
  0000-0000 : dma1
  0000-0000 : pic1
  0000-0000 : timer0
  0000-0000 : timer1
  0000-0000 : keyboard
  0000-0000 : PNP0800:00
  0000-0000 : keyboard
  0000-0000 : rtc0
  0000-0000 : dma page reg
  0000-0000 : pic2
  0000-0000 : dma2
  0000-0000 : fpu
    0000-0000 : PNP0C04:00
  0000-0000 : pnp 00:00
  0000-0000 : pnp 00:00
  0000-0000 : pnp 00:00
0000-0000 : PCI conf1
0000-0000 : PCI Bus 0000:00
  0000-0000 : pnp 00:00
    0000-0000 : ACPI PM1a_EVT_BLK
    0000-0000 : ACPI PM1a_CNT_BLK
    0000-0000 : ACPI PM_TMR
    0000-0000 : ACPI GPE0_BLK
    0000-0000 : iTCO_wdt.1.auto
    0000-0000 : ACPI PM2_CNT_BLK
    0000-0000 : iTCO_wdt.1.auto
  0000-0000 : gpio_ich.2.auto
    0000-0000 : pnp 00:00
      0000-0000 : gpio_ich
    0000-0000 : gpio_ich
  0000-0000 : 0000:00:19.0
  0000-0000 : 0000:00:1a.0
    0000-0000 : uhci_hcd
  0000-0000 : 0000:00:1a.1
    0000-0000 : uhci_hcd
  0000-0000 : 0000:00:1a.2
    0000-0000 : uhci_hcd
  0000-0000 : 0000:00:1d.0
    0000-0000 : uhci_hcd
  0000-0000 : 0000:00:1d.1
    0000-0000 : uhci_hcd
  0000-0000 : 0000:00:1d.2
    0000-0000 : uhci_hcd
  0000-0000 : 0000:00:1f.2
    0000-0000 : ahci
  0000-0000 : 0000:00:1f.3
    0000-0000 : i801_smbus
  0000-0000 : 0000:00:03.2
  0000-0000 : 0000:00:02.0
  0000-0000 : 0000:00:03.2
  0000-0000 : 0000:00:03.2
  0000-0000 : 0000:00:03.2
  0000-0000 : 0000:00:03.2
  0000-0000 : 0000:00:03.3
    0000-0000 : serial
  0000-0000 : 0000:00:1f.2
    0000-0000 : ahci
  0000-0000 : 0000:00:1f.2
    0000-0000 : ahci
  0000-0000 : 0000:00:1f.2
    0000-0000 : ahci
  0000-0000 : 0000:00:1f.2
    0000-0000 : ahci
0000-0000 : pnp 00:00
